生成启动时间为 2019/11/25 13:39:45。
     1>项目“F:\BIANCHENG\VS\Project6\Project6\Project6.vcxproj”在节点 2 上(Build 个目标)。
     1>ClCompile:
         D:\VS\VC\bin\CL.exe /c /ZI /nologo /W3 /WX- /Od /Oy- /D _MBCS /Gm /EHsc /RTC1 /MDd /GS /fp:precise /Zc:wchar_t /Zc:forScope /Fo"Debug\\" /Fd"Debug\vc110.pdb" /Gd /TP /analyze- /errorReport:prompt "源.cpp"
         源.cpp
     1>f:\biancheng\vs\project6\project6\源.cpp(44): error C3867: “std::_Tree<_Traits>::end”: 函数调用缺少参数列表；请使用“&std::_Tree<_Traits>::end”创建指向成员的指针
                 with
                 [
                     _Traits=std::_Tset_traits<TextQuery::line_no,std::less<TextQuery::line_no>,std::allocator<char32_t>,false>
                 ]
     1>f:\biancheng\vs\project6\project6\源.cpp(44): error C2678: 二进制“!=”: 没有找到接受“std::_Tree_const_iterator<_Mytree>”类型的左操作数的运算符(或没有可接受的转换)
                 with
                 [
                     _Mytree=std::_Tree_val<std::_Tree_simple_types<unsigned int>>
                 ]
                 d:\vs\vc\include\exception(522): 可能是“bool std::operator !=(const std::exception_ptr &,const std::exception_ptr &)”
                 d:\vs\vc\include\exception(527): 或       “bool std::operator !=(std::nullptr_t,const std::exception_ptr &)”
                 d:\vs\vc\include\exception(532): 或       “bool std::operator !=(const std::exception_ptr &,std::nullptr_t)”
                 d:\vs\vc\include\system_error(443): 或       “bool std::operator !=(const std::error_code &,const std::error_condition &) throw()”
                 d:\vs\vc\include\system_error(450): 或       “bool std::operator !=(const std::error_condition &,const std::error_code &) throw()”
                 c:\program files (x86)\windows kits\8.0\include\shared\guiddef.h(197): 或       “bool operator !=(const GUID &,const GUID &)”
                 d:\vs\vc\include\xtree(339): 或       “bool std::_Tree_const_iterator<_Mytree>::operator !=(const std::_Tree_const_iterator<_Mytree> &) const”
                 with
                 [
                     _Mytree=std::_Tree_val<std::_Tree_simple_types<unsigned int>>
                 ]
                 “std::_Tree<_Traits>::end”: 函数调用缺少参数列表；请使用“&std::_Tree<_Traits>::end”创建指向成员的指针
                 with
                 [
                     _Traits=std::_Tset_traits<TextQuery::line_no,std::less<TextQuery::line_no>,std::allocator<char32_t>,false>
                 ]
                 尝试匹配参数列表“(std::_Tree_const_iterator<_Mytree>)”时
                 with
                 [
                     _Mytree=std::_Tree_val<std::_Tree_simple_types<unsigned int>>
                 ]
     1>已完成生成项目“F:\BIANCHENG\VS\Project6\Project6\Project6.vcxproj”(Build 个目标)的操作 - 失败。

生成失败。

已用时间 00:00:01.42
